// -- bokeh.output --

ga.layout.fields[ "__fields:id__" ] = {};
ga.layout.fields[ "__fields:id__" ].lhtml = '<label for="__fields:id__">__~fields:label{__fields:label__}</label>';
ga.layout.fields[ "__fields:id__" ].dhtml =
  '<div name="__fields:id__" id="__fields:id__" type="bokeh"__~fields:help{ class="help_link"}></div>'
  __~fields:help{+ '<span class="help">__fields:help__</span>'}
  ;

ga.layout.fields[ "__fields:id__" ].eval  =
  'ga.value.setLastValue( "__moduleid___output", "#__fields:id__" );'
  + 'ga.value.extra_resets( "__fields:id__" );'
  ;

/* old way
</table>

__~fields:label{<p><label for="__fields:id__">__fields:label__</label></p>}

<div name="__fields:id__" id="__fields:id__" type="bokeh"></div>
<script>
ga.value.setLastValue( "__moduleid___output", "#__fields:id__" );
ga.value.extra_resets( "__fields:id__" );
end script>

<table>
*/

// -- end bokeh.output --
