// -- file.output --

ga.layout.fields[ "__fields:id__" ] = {};
ga.layout.fields[ "__fields:id__" ].lhtml =
  '<label for="__fields:id__"__~fields:help{ class="help_link"}>__fields:label__ </label>'
  __~fields:help{+ '<span class="help">__fields:help__</span>'}
  ;

ga.layout.fields[ "__fields:id__" ].dhtml =
  '<div id="__fields:id__" type="filelink__~fields:multiple{m}" readonly class="ga-field-output-control__~fields:help{ help_link}"}><span id="__fields:id___filelink"></span></div>'
  __~fields:help{+ '<span class="help">__fields:help__</span>'}
  ;

ga.layout.fields[ "__fields:id__" ].eval  =
  'ga.value.setLastValue( "__moduleid___output", "#__fields:id__" );'
  + 'ga.value.extra_resets( "__fields:id__" );'
  ;

/* old way

<tr><td><label for="__fields:id__"__~fields:help{ class="help_link"}>__fields:label__ </label>
__~fields:help{<span class="help">__fields:help__</span>}</td>
<td><div id="__fields:id__" type="filelink__~fields:multiple{m}" readonly__~fields:help{ class="help_link"}><span id="__fields:id___filelink"></span></div>
__~fields:help{<span class="help">__fields:help__</span>}</td></tr>
<script>
ga.value.setLastValue( "__moduleid___output", "#__fields:id__" );
ga.value.extra_resets( "__fields:id__" );
end script>
*/

// -- end file.output --
