</table>
<p>

<label for="__fields:id__">__fields:label__</label></tr><tr>
<table class="help_link">
<tr>
   <td></td>
   <td id="__fields:id___title" style="text-align:center"__~fields:titlefontclass{ class="__fields:titlefontclass__"}></td>
   <td id="__fields:id___xy" class="coord"></td>
</tr>
<tr>
   <td id="__fields:id___ylabel" style="text-align:center"></td>
   <td id="__fields:id__" type="plot2d" class="plot2ddef" style="__~fields:width{width:__fields:width__;}__~fields:height{height:__fields:height__}"></td>
   <td id="__fields:id___legend"></td>
</tr>
<tr>
   <td></td>
   <td id="__fields:id___xlabel" style="text-align:center"></td>
   <td></td>
</tr>
</table>
__~fields:help{<span class="help">__fields:help__</span>}
</p>

<script>
var tmp = $.plot( $( "#__fields:id__" ), [[]], gd.data( "_plot_options" ) );
ga.value.set.plot2d.pan( "#__fields:id__", __~fields:pan{1}0 );
ga.value.set.plot2d.zoom( "#__fields:id__", __~fields:zoom{1}0 );
ga.value.set.plot2d.hover( "#__fields:id__", __~fields:hover{1}0 );
ga.value.set.plot2d.selzoom( "#__fields:id__", __~fields:selzoom{1}0 );
__~fields:backgroundcolor{ga.value.set.plot2d.backgroundcolor( "#__fields:id__"," __fields:backgroundcolor__" );}
ga.value.set.plot2d.pkg( "__moduleid___output", "#__fields:id__" );
__~fields:hover{$("#__fields:id__").bind("plothover",function(e,p,i){var r=ga.set("plot2d:precision");$("#__fields:id___xy").addClass("coordvisible").text("( "+p.x.toPrecision(r)+" , "+p.y.toPrecision(r)+" )");}).on("mouseout", function(){setTimeout(function(){$("#__fields:id___xy").removeClass( "coordvisible" );}, 1500 )});}
ga.value.setLastValue( "__moduleid___output", "#__fields:id__" );
ga.value.extra_resets( "__fields:id__" );
</script>

__~fields:savetofile{<a href="" id="__fields:id___savetofile" target="_blank" style="text-align:center" class="hidden">Download plot as .png file</a>}

__~fields:changescale{ <button id="__fields:id___changescale" type="button" class="hidden">Change Y-axis Scale: Log/Lin</button><script>$( "#__fields:id___changescale" ).click( function() {	console.log("Inside Click: ");  if(ga.plotglobal.yscale=="log"){ga.plotglobal.yscale="";}else{ga.plotglobal.yscale="log";} console.dir(ga.plotglobal); $.plot( "#__fields:id__", ga.dataplotglobal, ga.value.get.plot2d.plot_options("#__fields:id__", ga.plotglobal ) );});</script>} 


<table>
