// -- textarea.output --

ga.layout.fields[ "__fields:id__" ] = {};
ga.layout.fields[ "__fields:id__" ].lhtml = '<label for="__fields:id__" class="ga-g-__moduleid__-__fields:id__">__fields:label__ </label>';
ga.layout.fields[ "__fields:id__" ].dhtml =
  '<textarea name="__fields:id__" id="__fields:id__"__~fields:rows{ rows="__fields:rows__"}__~fields:cols{ cols="__fields:cols__"} readonly class="ga-g-__moduleid__-__fields:id__ ga-field-output-textarea ga-field-output-control__~fields:help{ help_link}" ></textarea>'
  __~fields:help{+ '<span class="help">__fields:help__</span>'}
  ;
ga.layout.fields[ "__fields:id__" ].eval  =
  '__~fields:append{$( "#global_data" ).data( "_append:__moduleid___output___fields:id__", 1 );}' +
  'ga.value.setLastValue( "__moduleid___output", "#__fields:id__" );__~hoverhighlight{$(".ga-g-__moduleid__-__fields:id__").hover(function(){$(".ga-g-__moduleid__-__fields:id__").toggleClass("ga-highlight")});}'
  ;

/* old way

<tr><td><label for="__fields:id__">__fields:label__ </label></td><td><textarea name="__fields:id__" id="__fields:id__"__~fields:rows{ rows="__fields:rows__"}__~fields:cols{ cols="__fields:cols__"} readonly__~fields:help{ class="help_link"}></textarea>
__~fields:help{<span class="help">__fields:help__</span>}</td></tr>
start script>
__~fields:append{$( "#global_data" ).data( "_append:__moduleid___output___fields:id__", 1 );}
ga.value.setLastValue( "__moduleid___output", "#__fields:id__" );
 end script>
*/

// -- end textarea.output --
