// -- video.output --

ga.layout.fields[ "__fields:id__" ] = {};
ga.layout.fields[ "__fields:id__" ].lhtml = '<label for="__fields:id__">__fields:label__ </label>';
ga.layout.fields[ "__fields:id__" ].dhtml =
  '<div id="__fields:id__" type="video" __~fields:width{ data-width="__fields:width__"}__~fields:height{ data-height="__fields:height__"} class="help_link"></div>'
  __~fields:help{+ '<span class="help">__fields:help__</span>'}
  ;

ga.layout.fields[ "__fields:id__" ].eval  =
  'ga.value.setLastValue( "__moduleid___output", "#__fields:id__" );'
  + 'ga.value.extra_resets( "__fields:id__" );'
  ;

/* old way
</table>
<p><label for="__fields:id__">__fields:label__
<div id="__fields:id__" type="video" __~fields:width{ data-width="__fields:width__"}__~fields:height{ data-height="__fields:height__"}>
</div>
</label></p>
<script>
ga.value.setLastValue( "__moduleid___output", "#__fields:id__" );
ga.value.extra_resets( "__fields:id__" );
end script>
<table>
*/

// -- end video.output --
